build/app/outputs/mapping/release/mapping.txt
# compiler: R8
# compiler_version: 1.5.64
# min_api: 16
# pg_map_id: 638b4b6
com.creativeartapp.servidordashboard.MainActivity -> com.creativeartapp.servidordashboard.MainActivity:
    void configureFlutterEngine(io.flutter.embedding.engine.FlutterEngine) -> a
...
io.flutter.embedding.android.FlutterSplashView -> b.a.b.a.i:
    io.flutter.embedding.android.SplashScreen splashScreen -> a
    java.lang.String previousCompletedSplashIsolate -> f
    io.flutter.embedding.engine.renderer.FlutterUiDisplayListener flutterUiDisplayListener -> h
    java.lang.Runnable onTransitionComplete -> i
    java.lang.String TAG -> j
    io.flutter.embedding.android.FlutterView flutterView -> b
    android.os.Bundle splashScreenState -> d
    io.flutter.embedding.android.FlutterView$FlutterEngineAttachmentListener flutterEngineAttachmentListener -> g
    android.view.View splashScreenView -> c
    java.lang.String transitioningIsolateId -> e
    io.flutter.embedding.android.FlutterView access$000(io.flutter.embedding.android.FlutterSplashView) -> a
    java.lang.String access$402(io.flutter.embedding.android.FlutterSplashView,java.lang.String) -> a
    void displayFlutterViewWithSplash(io.flutter.embedding.android.FlutterView,io.flutter.embedding.android.SplashScreen) -> a
    boolean hasSplashCompleted() -> a
    io.flutter.embedding.android.SplashScreen access$100(io.flutter.embedding.android.FlutterSplashView) -> b
    boolean isSplashScreenNeededNow() -> b
    void access$200(io.flutter.embedding.android.FlutterSplashView) -> c
    boolean isSplashScreenTransitionNeededNow() -> c
    android.view.View access$300(io.flutter.embedding.android.FlutterSplashView) -> d
    void transitionToFlutter() -> d
io.flutter.embedding.android.FlutterSplashView$1 -> b.a.b.a.i$a:
    io.flutter.embedding.android.FlutterSplashView this$0 -> a
    void onFlutterEngineAttachedToFlutterView(io.flutter.embedding.engine.FlutterEngine) -> a
    void onFlutterEngineDetachedFromFlutterView() -> a
io.flutter.embedding.android.FlutterSplashView$2 -> b.a.b.a.i$b:
    io.flutter.embedding.android.FlutterSplashView this$0 -> a
    void onFlutterUiDisplayed() -> a
    void onFlutterUiNoLongerDisplayed() -> b
io.flutter.embedding.android.FlutterSplashView$3 -> b.a.b.a.i$c:
    io.flutter.embedding.android.FlutterSplashView this$0 -> a
io.flutter.embedding.android.FlutterSplashView$SavedState -> b.a.b.a.i$d:
    android.os.Bundle splashScreenState -> b
    java.lang.String previousCompletedSplashIsolate -> a
    java.lang.String access$600(io.flutter.embedding.android.FlutterSplashView$SavedState) -> a
    java.lang.String access$602(io.flutter.embedding.android.FlutterSplashView$SavedState,java.lang.String) -> a
    android.os.Bundle access$702(io.flutter.embedding.android.FlutterSplashView$SavedState,android.os.Bundle) -> a
    android.os.Bundle access$700(io.flutter.embedding.android.FlutterSplashView$SavedState) -> b
io.flutter.embedding.android.FlutterSplashView$SavedState$1 -> b.a.b.a.i$d$a:
io.flutter.embedding.android.FlutterSurfaceView -> b.a.b.a.j:
    io.flutter.embedding.engine.renderer.FlutterRenderer flutterRenderer -> d
    android.view.SurfaceHolder$Callback surfaceCallback -> e
    io.flutter.embedding.engine.renderer.FlutterUiDisplayListener flutterUiDisplayListener -> f
    boolean renderTransparently -> a
    boolean isSurfaceAvailableForRendering -> b
    boolean isAttachedToFlutterRenderer -> c
    boolean access$002(io.flutter.embedding.android.FlutterSurfaceView,boolean) -> a
    boolean access$100(io.flutter.embedding.android.FlutterSurfaceView) -> a
    void access$300(io.flutter.embedding.android.FlutterSurfaceView,int,int) -> a
    void attachToRenderer(io.flutter.embedding.engine.renderer.FlutterRenderer) -> a
    void changeSurfaceSize(int,int) -> a
    void detachFromRenderer() -> a
    void access$200(io.flutter.embedding.android.FlutterSurfaceView) -> b
    void connectSurfaceToRenderer() -> b
    void access$400(io.flutter.embedding.android.FlutterSurfaceView) -> c
    void disconnectSurfaceFromRenderer() -> c
    io.flutter.embedding.engine.renderer.FlutterRenderer access$500(io.flutter.embedding.android.FlutterSurfaceView) -> d
    void init() -> d